<?xml version="1.0" encoding="UTF-8"?>
<testsuite xmlns:xsi="http://www.w3.org/2001/XMLSchema-instance" xsi:noNamespaceSchemaLocation="https://maven.apache.org/surefire/maven-surefire-plugin/xsd/surefire-test-report-3.0.xsd" version="3.0" name="com.productos.demo.DemoApplicationTests" time="4.723" tests="1" errors="0" skipped="0" failures="0">
  <properties>
[...]
</properties>
  <testcase name="contextLoads" classname="com.productos.demo.DemoApplicationTests" time="0.385">
    <system-out><![CDATA[11:11:16.422 [main] INFO org.springframework.test.context.support.AnnotationConfigContextLoaderUtils -- Could not detect default configuration classes for test class [com.productos.demo.DemoApplicationTests]: DemoApplicationTests does not declare any static, non-private, non-final, nested classes annotated with @Configuration.
11:11:16.513 [main] INFO org.springframework.boot.test.context.SpringBootTestContextBootstrapper -- Found @SpringBootConfiguration com.productos.demo.DemoApplication for test class com.productos.demo.DemoApplicationTests
11:11:16.671 [main] INFO org.springframework.boot.devtools.restart.RestartApplicationListener -- Restart disabled due to context in which it is running

  .   ____          _            __ _ _
 /\\ / ___'_ __ _ _(_)_ __  __ _ \ \ \ \
( ( )\___ | '_ | '_| | '_ \/ _` | \ \ \ \
 \\/  ___)| |_)| | | | | || (_| |  ) ) ) )
  '  |____| .__|_| |_|_| |_\__, | / / / /
 =========|_|==============|___/=/_/_/_/

 :: Spring Boot ::                (v3.3.2)

2025-12-03T11:11:16.909-06:00  INFO 2512 --- [           main] c.productos.demo.DemoApplicationTests    : Starting DemoApplicationTests using Java 17.0.12 with PID 2512 (started by Francisco Morales in C:\Users\Francisco Morales\Desktop\Documentos\Documentos\Practica -full-stackJr\backend)
2025-12-03T11:11:16.909-06:00  INFO 2512 --- [           main] c.productos.demo.DemoApplicationTests    : No active profile set, falling back to 1 default profile: "default"
2025-12-03T11:11:17.490-06:00  INFO 2512 --- [           main] .s.d.r.c.RepositoryConfigurationDelegate : Bootstrapping Spring Data JPA repositories in DEFAULT mode.
2025-12-03T11:11:17.546-06:00  INFO 2512 --- [           main] .s.d.r.c.RepositoryConfigurationDelegate : Finished Spring Data repository scanning in 46 ms. Found 1 JPA repository interface.
2025-12-03T11:11:17.992-06:00  INFO 2512 --- [           main] o.hibernate.jpa.internal.util.LogHelper  : HHH000204: Processing PersistenceUnitInfo [name: default]
2025-12-03T11:11:18.064-06:00  INFO 2512 --- [           main] org.hibernate.Version                    : HHH000412: Hibernate ORM core version 6.5.2.Final
2025-12-03T11:11:18.107-06:00  INFO 2512 --- [           main] o.h.c.internal.RegionFactoryInitiator    : HHH000026: Second-level cache disabled
2025-12-03T11:11:18.487-06:00  INFO 2512 --- [           main] o.s.o.j.p.SpringPersistenceUnitInfo      : No LoadTimeWeaver setup: ignoring JPA class transformer
2025-12-03T11:11:18.519-06:00  INFO 2512 --- [           main] com.zaxxer.hikari.HikariDataSource       : HikariPool-1 - Starting...
2025-12-03T11:11:18.786-06:00  INFO 2512 --- [           main] com.zaxxer.hikari.pool.HikariPool        : HikariPool-1 - Added connection com.mysql.cj.jdbc.ConnectionImpl@3b30eec5
2025-12-03T11:11:18.786-06:00  INFO 2512 --- [           main] com.zaxxer.hikari.HikariDataSource       : HikariPool-1 - Start completed.
2025-12-03T11:11:18.830-06:00  WARN 2512 --- [           main] org.hibernate.orm.deprecation            : HHH90000025: MySQLDialect does not need to be specified explicitly using 'hibernate.dialect' (remove the property setting and it will be selected by default)
2025-12-03T11:11:19.546-06:00  INFO 2512 --- [           main] o.h.e.t.j.p.i.JtaPlatformInitiator       : HHH000489: No JTA platform available (set 'hibernate.transaction.jta.platform' to enable JTA platform integration)
2025-12-03T11:11:19.594-06:00  INFO 2512 --- [           main] j.LocalContainerEntityManagerFactoryBean : Initialized JPA EntityManagerFactory for persistence unit 'default'
2025-12-03T11:11:20.102-06:00  WARN 2512 --- [           main] JpaBaseConfiguration$JpaWebConfiguration : spring.jpa.open-in-view is enabled by default. Therefore, database queries may be performed during view rendering. Explicitly configure spring.jpa.open-in-view to disable this warning
2025-12-03T11:11:20.594-06:00  INFO 2512 --- [           main] c.productos.demo.DemoApplicationTests    : Started DemoApplicationTests in 3.934 seconds (process running for 4.773)
]]></system-out>
  </testcase>
</testsuite>